[debug] > Exec(;reload; set _root_.org.jetbrains.sbt.StructureKeys.sbtStructureOptions in Global := "download resolveClassifiers" ;*/*:dumpStructureTo C:/Users/pc/AppData/Local/Temp/sbt-structure.xml; session clear-all ; set ideaPort in Global := 52028, None, None)
[debug] > Exec(reload, None, None)
[debug] > Exec(sbtStashOnFailure, None, None)
[debug] > Exec(onFailure loadFailed, None, None)
[debug] > Exec(loadp, None, None)
[info] welcome to sbt 1.8.0 (Amazon.com Inc. Java 1.8.0_322)
[debug]       Load.loadUnit: plugins took 74.2568ms
[debug]       Load.loadUnit: defsScala took 0.0103ms
[debug] [Loading] Scanning directory C:\Users\pc\.sbt\1.0\plugins
[debug] [Loading] Found non-root projects 
[debug] [Loading] Done in C:\Users\pc\.sbt\1.0\plugins, returning: ()
[debug] deducing auto plugins based on known facts Set(Atom(sbt.plugins.CorePlugin)) and clauses Clauses(Clause(Atom(sbt.plugins.JvmPlugin),Set(Atom(sbt.plugins.IvyPlugin)))
[debug] Clause(Atom(sbt.ScriptedPlugin),Set(Atom(sbt.plugins.JvmPlugin)))
[debug] Clause(Atom(sbt.plugins.SbtPlugin),Set(Atom(sbt.ScriptedPlugin)))
[debug] Clause(Atom(sbt.plugins.SemanticdbPlugin),Set(Atom(sbt.plugins.JvmPlugin)))
[debug] Clause(Atom(sbt.plugins.JUnitXmlReportPlugin),Set(Atom(sbt.plugins.JvmPlugin)))
[debug] Clause(Atom(sbt.plugins.MiniDependencyTreePlugin),Set(Atom(sbt.plugins.JvmPlugin)))
[debug] Clause(Atom(sbt.plugins.CorePlugin),Set(Atom(sbt.plugins.IvyPlugin)))
[debug] Clause(Atom(sbt.plugins.IvyPlugin),Set(Atom(sbt.plugins.JvmPlugin)))
[debug] Clause(Atom(sbt.plugins.JvmPlugin),Set(Atom(sbt.plugins.SemanticdbPlugin)))
[debug] Clause(Atom(sbt.plugins.JvmPlugin),Set(Atom(sbt.plugins.JUnitXmlReportPlugin)))
[debug] Clause(Atom(sbt.plugins.CorePlugin),Set(Atom(sbt.plugins.Giter8TemplatePlugin)))
[debug] Clause(Atom(sbt.plugins.JvmPlugin),Set(Atom(sbt.plugins.MiniDependencyTreePlugin))))
[debug]   :: deduced result: Matched(sbt.plugins.CorePlugin,sbt.plugins.Giter8TemplatePlugin,sbt.plugins.IvyPlugin,sbt.plugins.JvmPlugin,sbt.plugins.MiniDependencyTreePlugin,sbt.plugins.JUnitXmlReportPlugin,sbt.plugins.SemanticdbPlugin)
[debug] Plugins.deducer#function took 2.2215 ms
[debug]           Load.resolveProject(global-plugins) took 12.897ms
[debug]         Load.loadTransitive: finalizeProject(Project(id global-plugins, base: C:\Users\pc\.sbt\1.0\plugins, plugins: List(<none>))) took 16.5338ms
[debug] [Loading] Done in C:\Users\pc\.sbt\1.0\plugins, returning: (global-plugins)
[debug]       Load.loadUnit: loadedProjectsRaw took 18.3831ms
[debug]       Load.loadUnit: cleanEvalClasses took 0.4845ms
[debug]     Load.loadUnit(file:/C:/Users/pc/.sbt/1.0/plugins/, ...) took 96.2611ms
[debug]   Load.apply: load took 101.6326ms
[debug]   Load.apply: resolveProjects took 1.9788ms
[debug]   Load.apply: finalTransforms took 26.2016ms
[debug]   Load.apply: config.delegates took 0.4613ms
[debug]   Load.apply: Def.make(settings)... took 115.0963ms
[debug]   Load.apply: structureIndex took 33.8669ms
[debug]   Load.apply: mkStreams took 0.0036ms
[info] loading global plugins from C:\Users\pc\.sbt\1.0\plugins
[debug] Running task... Cancel: Signal, check cycles: false, forcegc: true
[debug] Forcing garbage collection...
[debug] Load.defaultLoad until apply took 2347.5311ms
[debug]           Load.loadUnit: plugins took 52.5237ms
[debug]           Load.loadUnit: defsScala took 0.0085ms
[debug] [Loading] Scanning directory C:\Users\pc\IdeaProjects\untitled3\project
[debug]             Load.loadUnit: mkEval took 0.9778ms
[debug] [Loading] Found non-root projects 
[debug] [Loading] Done in C:\Users\pc\IdeaProjects\untitled3\project, returning: ()
[debug] deducing auto plugins based on known facts Set(Atom(sbt.plugins.CorePlugin)) and clauses Clauses(Clause(Atom(sbt.plugins.JvmPlugin),Set(Atom(sbt.plugins.IvyPlugin)))
[debug] Clause(Atom(sbt.ScriptedPlugin),Set(Atom(sbt.plugins.JvmPlugin)))
[debug] Clause(Atom(sbt.plugins.SbtPlugin),Set(Atom(sbt.ScriptedPlugin)))
[debug] Clause(Atom(sbt.plugins.SemanticdbPlugin),Set(Atom(sbt.plugins.JvmPlugin)))
[debug] Clause(Atom(sbt.plugins.JUnitXmlReportPlugin),Set(Atom(sbt.plugins.JvmPlugin)))
[debug] Clause(Atom(sbt.plugins.MiniDependencyTreePlugin),Set(Atom(sbt.plugins.JvmPlugin)))
[debug] Clause(Atom(sbt.plugins.CorePlugin),Set(Atom(sbt.plugins.IvyPlugin)))
[debug] Clause(Atom(sbt.plugins.IvyPlugin),Set(Atom(sbt.plugins.JvmPlugin)))
[debug] Clause(Atom(sbt.plugins.JvmPlugin),Set(Atom(sbt.plugins.SemanticdbPlugin)))
[debug] Clause(Atom(sbt.plugins.JvmPlugin),Set(Atom(sbt.plugins.JUnitXmlReportPlugin)))
[debug] Clause(Atom(sbt.plugins.CorePlugin),Set(Atom(sbt.plugins.Giter8TemplatePlugin)))
[debug] Clause(Atom(sbt.plugins.JvmPlugin),Set(Atom(sbt.plugins.MiniDependencyTreePlugin))))
[debug]   :: deduced result: Matched(sbt.plugins.CorePlugin,sbt.plugins.Giter8TemplatePlugin,sbt.plugins.IvyPlugin,sbt.plugins.JvmPlugin,sbt.plugins.MiniDependencyTreePlugin,sbt.plugins.JUnitXmlReportPlugin,sbt.plugins.SemanticdbPlugin)
[debug] Plugins.deducer#function took 2.3785 ms
[info] loading settings for project untitled3-build from idea.sbt ...
[debug]               Load.resolveProject(untitled3-build) took 3.8102ms
[debug]             Load.loadTransitive: finalizeProject(Project(id untitled3-build, base: C:\Users\pc\IdeaProjects\untitled3\project, plugins: List(<none>))) took 7.0651ms
[debug] [Loading] Done in C:\Users\pc\IdeaProjects\untitled3\project, returning: (untitled3-build)
[debug]           Load.loadUnit: loadedProjectsRaw took 43.9281ms
[debug]           Load.loadUnit: cleanEvalClasses took 2.2966ms
[debug]         Load.loadUnit(file:/C:/Users/pc/IdeaProjects/untitled3/project/, ...) took 100.2205ms
[debug]       Load.apply: load took 102.4456ms
[debug]       Load.apply: resolveProjects took 0.1798ms
[debug]       Load.apply: finalTransforms took 15.4045ms
[debug]       Load.apply: config.delegates took 0.4143ms
[debug]       Load.apply: Def.make(settings)... took 74.8102ms
[debug]       Load.apply: structureIndex took 21.4296ms
[debug]       Load.apply: mkStreams took 0.0035ms
[info] loading project definition from C:\Users\pc\IdeaProjects\untitled3\project
[debug] Running task... Cancel: Signal, check cycles: false, forcegc: true
[debug]     Load.loadUnit: plugins took 436.6346ms
[debug]     Load.loadUnit: defsScala took 0.0073ms
[debug] [Loading] Scanning directory C:\Users\pc\IdeaProjects\untitled3
[debug]       Load.loadUnit: mkEval took 0.3986ms
[debug] [Loading] Found non-root projects 
[debug] [Loading] Done in C:\Users\pc\IdeaProjects\untitled3, returning: ()
[debug] deducing auto plugins based on known facts Set(Atom(sbt.plugins.CorePlugin)) and clauses Clauses(Clause(Atom(sbt.plugins.JvmPlugin),Set(Atom(sbt.plugins.IvyPlugin)))
[debug] Clause(Atom(sbt.ScriptedPlugin),Set(Atom(sbt.plugins.JvmPlugin)))
[debug] Clause(Atom(sbt.plugins.SbtPlugin),Set(Atom(sbt.ScriptedPlugin)))
[debug] Clause(Atom(sbt.plugins.SemanticdbPlugin),Set(Atom(sbt.plugins.JvmPlugin)))
[debug] Clause(Atom(sbt.plugins.JUnitXmlReportPlugin),Set(Atom(sbt.plugins.JvmPlugin)))
[debug] Clause(Atom(sbt.plugins.MiniDependencyTreePlugin),Set(Atom(sbt.plugins.JvmPlugin)))
[debug] Clause(Atom(org.jetbrains.sbt.StructurePlugin),Set(Atom(sbt.plugins.JvmPlugin)))
[debug] Clause(Atom(org.jetbrains.sbt.IdeaShellPlugin),Set(Atom(sbt.plugins.JvmPlugin)))
[debug] Clause(Atom(org.jetbrains.sbt.indices.SbtIntellijIndicesPlugin),Set(Atom(sbt.plugins.JvmPlugin)))
[debug] Clause(Atom(sbt.plugins.CorePlugin),Set(Atom(sbt.plugins.IvyPlugin)))
[debug] Clause(Atom(sbt.plugins.IvyPlugin),Set(Atom(sbt.plugins.JvmPlugin)))
[debug] Clause(Atom(sbt.plugins.JvmPlugin),Set(Atom(sbt.plugins.SemanticdbPlugin)))
[debug] Clause(Atom(sbt.plugins.JvmPlugin),Set(Atom(sbt.plugins.JUnitXmlReportPlugin)))
[debug] Clause(Atom(sbt.plugins.CorePlugin),Set(Atom(sbt.plugins.Giter8TemplatePlugin)))
[debug] Clause(Atom(sbt.plugins.JvmPlugin),Set(Atom(sbt.plugins.MiniDependencyTreePlugin)))
[debug] Clause(Atom(sbt.plugins.JvmPlugin),Set(Atom(org.jetbrains.sbt.StructurePlugin)))
[debug] Clause(Atom(sbt.plugins.JvmPlugin),Set(Atom(org.jetbrains.sbt.IdeaShellPlugin)))
[debug] Clause(And(Set(Atom(sbt.plugins.CorePlugin), Atom(sbt.plugins.JvmPlugin))),Set(Atom(org.jetbrains.sbt.indices.SbtIntellijIndicesPlugin))))
[debug]   :: deduced result: Matched(sbt.plugins.CorePlugin,sbt.plugins.Giter8TemplatePlugin,sbt.plugins.IvyPlugin,sbt.plugins.JvmPlugin,sbt.plugins.SemanticdbPlugin,org.jetbrains.sbt.indices.SbtIntellijIndicesPlugin,sbt.plugins.JUnitXmlReportPlugin,org.jetbrains.sbt.IdeaShellPlugin,org.jetbrains.sbt.StructurePlugin,sbt.plugins.MiniDependencyTreePlugin)
[debug] Plugins.deducer#function took 2.0982 ms
[info] loading settings for project untitled3 from build.sbt ...
[debug]         Load.resolveProject(untitled3) took 60.418ms
[debug]       Load.loadTransitive: finalizeProject(Project(id untitled3, base: C:\Users\pc\IdeaProjects\untitled3, plugins: List(<none>))) took 63.1625ms
[debug] [Loading] Done in C:\Users\pc\IdeaProjects\untitled3, returning: (untitled3)
[debug]     Load.loadUnit: loadedProjectsRaw took 274.2483ms
[debug]     Load.loadUnit: cleanEvalClasses took 12.4058ms
[debug]   Load.loadUnit(file:/C:/Users/pc/IdeaProjects/untitled3/, ...) took 724.003ms
[debug] Load.apply: load took 726.1508ms
[debug] Load.apply: resolveProjects took 0.1207ms
[debug] Load.apply: finalTransforms took 25.7004ms
[debug] Load.apply: config.delegates took 0.2871ms
[debug] Load.apply: Def.make(settings)... took 71.4863ms
[debug] Load.apply: structureIndex took 20.9971ms
[debug] Load.apply: mkStreams took 0.0033ms
[warn] Discarding 1 session setting.  Use 'session save' to persist session settings.
[info] set current project to untitled3 (in build file:/C:/Users/pc/IdeaProjects/untitled3/)
[debug] > Exec(sbtPopOnFailure, None, None)
[debug] > Exec(resumeFromFailure, None, None)
[debug] > Exec(set _root_.org.jetbrains.sbt.StructureKeys.sbtStructureOptions in Global := "download resolveClassifiers", None, None)
[info] Defining Global / sbtStructureOptions
[info] The new value will be used by Global / ssOptions
[debug] Defining 
[debug] 	Global / sbtStructureOptions
[debug] 
[debug] The new value will be used by 
[debug] 	Global / ssOptions
[info] Reapplying settings...
[info] set current project to untitled3 (in build file:/C:/Users/pc/IdeaProjects/untitled3/)
[debug] > Exec(*/*:dumpStructureTo C:/Users/pc/AppData/Local/Temp/sbt-structure.xml, None, None)
[debug] Evaluating tasks: Global / dumpStructureTo
[warn] sbt 0.13 shell syntax is deprecated; use slash syntax instead: Global / dumpStructureTo
[debug] Running task... Cancel: Signal, check cycles: false, forcegc: true
[info] Writing structure to C:\Users\pc\AppData\Local\Temp\sbt-structure.xml...
[info] Done.
[success] Total time: 1 s, completed 8 janv. 2023 13:55:41
[debug] > Exec(session clear-all, None, None)
[info] Reapplying settings...
[info] set current project to untitled3 (in build file:/C:/Users/pc/IdeaProjects/untitled3/)
[debug] > Exec(set ideaPort in Global := 52028, None, None)
[info] Defining Global / ideaPort
[info] The new value will be used by Compile / compile, Test / compile
[debug] Defining 
[debug] 	Global / ideaPort
[debug] 
[debug] The new value will be used by 
[debug] 	Compile / compile
[debug] 	Test / compile
[info] Reapplying settings...
[info] set current project to untitled3 (in build file:/C:/Users/pc/IdeaProjects/untitled3/)
[debug] > Exec(idea-shell, None, None)
[debug] > Exec(, None, None)
[debug] > Exec(idea-shell, None, None)
