[debug] > Exec(;reload; set _root_.org.jetbrains.sbt.StructureKeys.sbtStructureOptions in Global := "download resolveClassifiers" ;*/*:dumpStructureTo C:/Users/pc/AppData/Local/Temp/sbt-structure.xml; session clear-all ; set ideaPort in Global := 50736, None, None)
[debug] > Exec(reload, None, None)
[debug] > Exec(sbtStashOnFailure, None, None)
[debug] > Exec(onFailure loadFailed, None, None)
[debug] > Exec(loadp, None, None)
[info] welcome to sbt 1.8.0 (Amazon.com Inc. Java 1.8.0_322)
[debug]       Load.loadUnit: plugins took 29.1629ms
[debug]       Load.loadUnit: defsScala took 0.0037ms
[debug] [Loading] Scanning directory C:\Users\pc\.sbt\1.0\plugins
[debug] [Loading] Found non-root projects 
[debug] [Loading] Done in C:\Users\pc\.sbt\1.0\plugins, returning: ()
[debug] deducing auto plugins based on known facts Set(Atom(sbt.plugins.CorePlugin)) and clauses Clauses(Clause(Atom(sbt.plugins.JvmPlugin),Set(Atom(sbt.plugins.IvyPlugin)))
[debug] Clause(Atom(sbt.ScriptedPlugin),Set(Atom(sbt.plugins.JvmPlugin)))
[debug] Clause(Atom(sbt.plugins.SbtPlugin),Set(Atom(sbt.ScriptedPlugin)))
[debug] Clause(Atom(sbt.plugins.SemanticdbPlugin),Set(Atom(sbt.plugins.JvmPlugin)))
[debug] Clause(Atom(sbt.plugins.JUnitXmlReportPlugin),Set(Atom(sbt.plugins.JvmPlugin)))
[debug] Clause(Atom(sbt.plugins.MiniDependencyTreePlugin),Set(Atom(sbt.plugins.JvmPlugin)))
[debug] Clause(Atom(sbt.plugins.CorePlugin),Set(Atom(sbt.plugins.IvyPlugin)))
[debug] Clause(Atom(sbt.plugins.IvyPlugin),Set(Atom(sbt.plugins.JvmPlugin)))
[debug] Clause(Atom(sbt.plugins.JvmPlugin),Set(Atom(sbt.plugins.SemanticdbPlugin)))
[debug] Clause(Atom(sbt.plugins.JvmPlugin),Set(Atom(sbt.plugins.JUnitXmlReportPlugin)))
[debug] Clause(Atom(sbt.plugins.CorePlugin),Set(Atom(sbt.plugins.Giter8TemplatePlugin)))
[debug] Clause(Atom(sbt.plugins.JvmPlugin),Set(Atom(sbt.plugins.MiniDependencyTreePlugin))))
[debug]   :: deduced result: Matched(sbt.plugins.CorePlugin,sbt.plugins.Giter8TemplatePlugin,sbt.plugins.IvyPlugin,sbt.plugins.JvmPlugin,sbt.plugins.MiniDependencyTreePlugin,sbt.plugins.JUnitXmlReportPlugin,sbt.plugins.SemanticdbPlugin)
[debug] Plugins.deducer#function took 1.0733 ms
[debug]           Load.resolveProject(global-plugins) took 1.2383ms
[debug]         Load.loadTransitive: finalizeProject(Project(id global-plugins, base: C:\Users\pc\.sbt\1.0\plugins, plugins: List(<none>))) took 2.7072ms
[debug] [Loading] Done in C:\Users\pc\.sbt\1.0\plugins, returning: (global-plugins)
[debug]       Load.loadUnit: loadedProjectsRaw took 3.5356ms
[debug]       Load.loadUnit: cleanEvalClasses took 0.0099ms
[debug]     Load.loadUnit(file:/C:/Users/pc/.sbt/1.0/plugins/, ...) took 34.3993ms
[debug]   Load.apply: load took 35.8727ms
[debug]   Load.apply: resolveProjects took 0.0957ms
[debug]   Load.apply: finalTransforms took 5.1491ms
[debug]   Load.apply: config.delegates took 0.2361ms
[debug]   Load.apply: Def.make(settings)... took 49.5306ms
[debug]   Load.apply: structureIndex took 17.4595ms
[debug]   Load.apply: mkStreams took 0.0041ms
[info] loading global plugins from C:\Users\pc\.sbt\1.0\plugins
[debug] Running task... Cancel: Signal, check cycles: false, forcegc: true
[debug] Load.defaultLoad until apply took 386.7642ms
[debug]           Load.loadUnit: plugins took 36.6792ms
[debug]           Load.loadUnit: defsScala took 0.0039ms
[debug] [Loading] Scanning directory C:\Users\pc\IdeaProjects\untitled3\project
[debug]             Load.loadUnit: mkEval took 0.3208ms
[debug] [Loading] Found non-root projects 
[debug] [Loading] Done in C:\Users\pc\IdeaProjects\untitled3\project, returning: ()
[debug] deducing auto plugins based on known facts Set(Atom(sbt.plugins.CorePlugin)) and clauses Clauses(Clause(Atom(sbt.plugins.JvmPlugin),Set(Atom(sbt.plugins.IvyPlugin)))
[debug] Clause(Atom(sbt.ScriptedPlugin),Set(Atom(sbt.plugins.JvmPlugin)))
[debug] Clause(Atom(sbt.plugins.SbtPlugin),Set(Atom(sbt.ScriptedPlugin)))
[debug] Clause(Atom(sbt.plugins.SemanticdbPlugin),Set(Atom(sbt.plugins.JvmPlugin)))
[debug] Clause(Atom(sbt.plugins.JUnitXmlReportPlugin),Set(Atom(sbt.plugins.JvmPlugin)))
[debug] Clause(Atom(sbt.plugins.MiniDependencyTreePlugin),Set(Atom(sbt.plugins.JvmPlugin)))
[debug] Clause(Atom(sbt.plugins.CorePlugin),Set(Atom(sbt.plugins.IvyPlugin)))
[debug] Clause(Atom(sbt.plugins.IvyPlugin),Set(Atom(sbt.plugins.JvmPlugin)))
[debug] Clause(Atom(sbt.plugins.JvmPlugin),Set(Atom(sbt.plugins.SemanticdbPlugin)))
[debug] Clause(Atom(sbt.plugins.JvmPlugin),Set(Atom(sbt.plugins.JUnitXmlReportPlugin)))
[debug] Clause(Atom(sbt.plugins.CorePlugin),Set(Atom(sbt.plugins.Giter8TemplatePlugin)))
[debug] Clause(Atom(sbt.plugins.JvmPlugin),Set(Atom(sbt.plugins.MiniDependencyTreePlugin))))
[debug]   :: deduced result: Matched(sbt.plugins.CorePlugin,sbt.plugins.Giter8TemplatePlugin,sbt.plugins.IvyPlugin,sbt.plugins.JvmPlugin,sbt.plugins.MiniDependencyTreePlugin,sbt.plugins.JUnitXmlReportPlugin,sbt.plugins.SemanticdbPlugin)
[debug] Plugins.deducer#function took 1.0519 ms
[info] loading settings for project untitled3-build from idea1.sbt ...
[debug]               Load.resolveProject(untitled3-build) took 3.2346ms
[debug]             Load.loadTransitive: finalizeProject(Project(id untitled3-build, base: C:\Users\pc\IdeaProjects\untitled3\project, plugins: List(<none>))) took 4.6697ms
[debug] [Loading] Done in C:\Users\pc\IdeaProjects\untitled3\project, returning: (untitled3-build)
[debug]           Load.loadUnit: loadedProjectsRaw took 30.4626ms
[debug]           Load.loadUnit: cleanEvalClasses took 1.9102ms
[debug]         Load.loadUnit(file:/C:/Users/pc/IdeaProjects/untitled3/project/, ...) took 69.9291ms
[debug]       Load.apply: load took 71.476ms
[debug]       Load.apply: resolveProjects took 0.1127ms
[debug]       Load.apply: finalTransforms took 7.2486ms
[debug]       Load.apply: config.delegates took 0.2536ms
[debug]       Load.apply: Def.make(settings)... took 52.6988ms
[debug]       Load.apply: structureIndex took 13.5815ms
[debug]       Load.apply: mkStreams took 0.0253ms
[info] loading project definition from C:\Users\pc\IdeaProjects\untitled3\project
[debug] Running task... Cancel: Signal, check cycles: false, forcegc: true
[debug]     Load.loadUnit: plugins took 395.3655ms
[debug]     Load.loadUnit: defsScala took 0.0035ms
[debug] [Loading] Scanning directory C:\Users\pc\IdeaProjects\untitled3
[debug]       Load.loadUnit: mkEval took 0.2256ms
[debug] [Loading] Found non-root projects 
[debug] [Loading] Done in C:\Users\pc\IdeaProjects\untitled3, returning: ()
[debug] deducing auto plugins based on known facts Set(Atom(sbt.plugins.CorePlugin)) and clauses Clauses(Clause(Atom(sbt.plugins.JvmPlugin),Set(Atom(sbt.plugins.IvyPlugin)))
[debug] Clause(Atom(sbt.ScriptedPlugin),Set(Atom(sbt.plugins.JvmPlugin)))
[debug] Clause(Atom(sbt.plugins.SbtPlugin),Set(Atom(sbt.ScriptedPlugin)))
[debug] Clause(Atom(sbt.plugins.SemanticdbPlugin),Set(Atom(sbt.plugins.JvmPlugin)))
[debug] Clause(Atom(sbt.plugins.JUnitXmlReportPlugin),Set(Atom(sbt.plugins.JvmPlugin)))
[debug] Clause(Atom(sbt.plugins.MiniDependencyTreePlugin),Set(Atom(sbt.plugins.JvmPlugin)))
[debug] Clause(Atom(org.jetbrains.sbt.StructurePlugin),Set(Atom(sbt.plugins.JvmPlugin)))
[debug] Clause(Atom(org.jetbrains.sbt.IdeaShellPlugin),Set(Atom(sbt.plugins.JvmPlugin)))
[debug] Clause(Atom(org.jetbrains.sbt.indices.SbtIntellijIndicesPlugin),Set(Atom(sbt.plugins.JvmPlugin)))
[debug] Clause(Atom(sbt.plugins.CorePlugin),Set(Atom(sbt.plugins.IvyPlugin)))
[debug] Clause(Atom(sbt.plugins.IvyPlugin),Set(Atom(sbt.plugins.JvmPlugin)))
[debug] Clause(Atom(sbt.plugins.JvmPlugin),Set(Atom(sbt.plugins.SemanticdbPlugin)))
[debug] Clause(Atom(sbt.plugins.JvmPlugin),Set(Atom(sbt.plugins.JUnitXmlReportPlugin)))
[debug] Clause(Atom(sbt.plugins.CorePlugin),Set(Atom(sbt.plugins.Giter8TemplatePlugin)))
[debug] Clause(Atom(sbt.plugins.JvmPlugin),Set(Atom(sbt.plugins.MiniDependencyTreePlugin)))
[debug] Clause(Atom(sbt.plugins.JvmPlugin),Set(Atom(org.jetbrains.sbt.StructurePlugin)))
[debug] Clause(Atom(sbt.plugins.JvmPlugin),Set(Atom(org.jetbrains.sbt.IdeaShellPlugin)))
[debug] Clause(And(Set(Atom(sbt.plugins.CorePlugin), Atom(sbt.plugins.JvmPlugin))),Set(Atom(org.jetbrains.sbt.indices.SbtIntellijIndicesPlugin))))
[debug]   :: deduced result: Matched(sbt.plugins.CorePlugin,sbt.plugins.Giter8TemplatePlugin,sbt.plugins.IvyPlugin,sbt.plugins.JvmPlugin,sbt.plugins.SemanticdbPlugin,org.jetbrains.sbt.indices.SbtIntellijIndicesPlugin,sbt.plugins.JUnitXmlReportPlugin,org.jetbrains.sbt.IdeaShellPlugin,org.jetbrains.sbt.StructurePlugin,sbt.plugins.MiniDependencyTreePlugin)
[debug] Plugins.deducer#function took 1.7969 ms
[info] loading settings for project untitled3 from build.sbt ...
[debug]         Load.resolveProject(untitled3) took 51.9136ms
[debug]       Load.loadTransitive: finalizeProject(Project(id untitled3, base: C:\Users\pc\IdeaProjects\untitled3, plugins: List(<none>))) took 54.3349ms
[debug] [Loading] Done in C:\Users\pc\IdeaProjects\untitled3, returning: (untitled3)
[debug]     Load.loadUnit: loadedProjectsRaw took 878.2824ms
[debug]     Load.loadUnit: cleanEvalClasses took 16.9328ms
[debug]   Load.loadUnit(file:/C:/Users/pc/IdeaProjects/untitled3/, ...) took 1291.0557ms
[debug] Load.apply: load took 1292.5287ms
[debug] Load.apply: resolveProjects took 0.0991ms
[debug] Load.apply: finalTransforms took 21.1869ms
[debug] Load.apply: config.delegates took 0.2188ms
[debug] Load.apply: Def.make(settings)... took 81.5173ms
[debug] Load.apply: structureIndex took 19.1209ms
[debug] Load.apply: mkStreams took 0.003ms
[warn] Discarding 1 session setting.  Use 'session save' to persist session settings.
[info] set current project to untitled3 (in build file:/C:/Users/pc/IdeaProjects/untitled3/)
[debug] > Exec(sbtPopOnFailure, None, None)
[debug] > Exec(resumeFromFailure, None, None)
[debug] > Exec(set _root_.org.jetbrains.sbt.StructureKeys.sbtStructureOptions in Global := "download resolveClassifiers", None, None)
[info] Defining Global / sbtStructureOptions
[info] The new value will be used by Global / ssOptions
[debug] Defining 
[debug] 	Global / sbtStructureOptions
[debug] 
[debug] The new value will be used by 
[debug] 	Global / ssOptions
[info] Reapplying settings...
[info] set current project to untitled3 (in build file:/C:/Users/pc/IdeaProjects/untitled3/)
[debug] > Exec(*/*:dumpStructureTo C:/Users/pc/AppData/Local/Temp/sbt-structure.xml, None, None)
[debug] Evaluating tasks: Global / dumpStructureTo
[warn] sbt 0.13 shell syntax is deprecated; use slash syntax instead: Global / dumpStructureTo
[debug] Running task... Cancel: Signal, check cycles: false, forcegc: true
[warn] 
[warn] 	Note: Unresolved dependencies path:
[error] sbt.librarymanagement.ResolveException: Error downloading org.apache.spark:spark-sql_3:2.4.7
[error]   Not found
[error]   Not found
[error]   not found: C:\Users\pc\.ivy2\localorg.apache.spark\spark-sql_3\2.4.7\ivys\ivy.xml
[error]   not found: https://repo1.maven.org/maven2/org/apache/spark/spark-sql_3/2.4.7/spark-sql_3-2.4.7.pom
[error] Error downloading org.apache.spark:spark-core_3:2.4.7
[error]   Not found
[error]   Not found
[error]   not found: C:\Users\pc\.ivy2\localorg.apache.spark\spark-core_3\2.4.7\ivys\ivy.xml
[error]   not found: https://repo1.maven.org/maven2/org/apache/spark/spark-core_3/2.4.7/spark-core_3-2.4.7.pom
[error] 	at lmcoursier.CoursierDependencyResolution.unresolvedWarningOrThrow(CoursierDependencyResolution.scala:344)
[error] 	at lmcoursier.CoursierDependencyResolution.$anonfun$update$38(CoursierDependencyResolution.scala:313)
[error] 	at scala.util.Either$LeftProjection.map(Either.scala:573)
[error] 	at lmcoursier.CoursierDependencyResolution.update(CoursierDependencyResolution.scala:313)
[error] 	at sbt.librarymanagement.DependencyResolution.update(DependencyResolution.scala:60)
[error] 	at sbt.internal.LibraryManagement$.resolve$1(LibraryManagement.scala:59)
[error] 	at sbt.internal.LibraryManagement$.$anonfun$cachedUpdate$12(LibraryManagement.scala:133)
[error] 	at sbt.util.Tracked$.$anonfun$lastOutput$1(Tracked.scala:73)
[error] 	at sbt.internal.LibraryManagement$.$anonfun$cachedUpdate$20(LibraryManagement.scala:146)
[error] 	at scala.util.control.Exception$Catch.apply(Exception.scala:228)
[error] 	at sbt.internal.LibraryManagement$.$anonfun$cachedUpdate$11(LibraryManagement.scala:146)
[error] 	at sbt.internal.LibraryManagement$.$anonfun$cachedUpdate$11$adapted(LibraryManagement.scala:127)
[error] 	at sbt.util.Tracked$.$anonfun$inputChangedW$1(Tracked.scala:219)
[error] 	at sbt.internal.LibraryManagement$.cachedUpdate(LibraryManagement.scala:160)
[error] 	at sbt.Classpaths$.$anonfun$updateTask0$1(Defaults.scala:3687)
[error] 	at scala.Function1.$anonfun$compose$1(Function1.scala:49)
[error] 	at sbt.internal.util.$tilde$greater.$anonfun$$u2219$1(TypeFunctions.scala:62)
[error] 	at sbt.std.Transform$$anon$4.work(Transform.scala:68)
[error] 	at sbt.Execute.$anonfun$submit$2(Execute.scala:282)
[error] 	at sbt.internal.util.ErrorHandling$.wideConvert(ErrorHandling.scala:23)
[error] 	at sbt.Execute.work(Execute.scala:291)
[error] 	at sbt.Execute.$anonfun$submit$1(Execute.scala:282)
[error] 	at sbt.ConcurrentRestrictions$$anon$4.$anonfun$submitValid$1(ConcurrentRestrictions.scala:265)
[error] 	at sbt.CompletionService$$anon$2.call(CompletionService.scala:64)
[error] 	at java.util.concurrent.FutureTask.run(FutureTask.java:266)
[error] 	at java.util.concurrent.Executors$RunnableAdapter.call(Executors.java:511)
[error] 	at java.util.concurrent.FutureTask.run(FutureTask.java:266)
[error] 	at java.util.concurrent.ThreadPoolExecutor.runWorker(ThreadPoolExecutor.java:1149)
[error] 	at java.util.concurrent.ThreadPoolExecutor$Worker.run(ThreadPoolExecutor.java:624)
[error] 	at java.lang.Thread.run(Thread.java:750)
[error] sbt.librarymanagement.ResolveException: Error downloading org.apache.spark:spark-sql_3:2.4.7
[error]   Not found
[error]   Not found
[error]   not found: C:\Users\pc\.ivy2\localorg.apache.spark\spark-sql_3\2.4.7\ivys\ivy.xml
[error]   not found: https://repo1.maven.org/maven2/org/apache/spark/spark-sql_3/2.4.7/spark-sql_3-2.4.7.pom
[error] Error downloading org.apache.spark:spark-core_3:2.4.7
[error]   Not found
[error]   Not found
[error]   not found: C:\Users\pc\.ivy2\localorg.apache.spark\spark-core_3\2.4.7\ivys\ivy.xml
[error]   not found: https://repo1.maven.org/maven2/org/apache/spark/spark-core_3/2.4.7/spark-core_3-2.4.7.pom
[error] 	at lmcoursier.CoursierDependencyResolution.unresolvedWarningOrThrow(CoursierDependencyResolution.scala:344)
[error] 	at lmcoursier.CoursierDependencyResolution.$anonfun$update$38(CoursierDependencyResolution.scala:313)
[error] 	at scala.util.Either$LeftProjection.map(Either.scala:573)
[error] 	at lmcoursier.CoursierDependencyResolution.update(CoursierDependencyResolution.scala:313)
[error] 	at sbt.librarymanagement.DependencyResolution.update(DependencyResolution.scala:60)
[error] 	at sbt.internal.LibraryManagement$.resolve$1(LibraryManagement.scala:59)
[error] 	at sbt.internal.LibraryManagement$.$anonfun$cachedUpdate$12(LibraryManagement.scala:133)
[error] 	at sbt.util.Tracked$.$anonfun$lastOutput$1(Tracked.scala:73)
[error] 	at sbt.internal.LibraryManagement$.$anonfun$cachedUpdate$20(LibraryManagement.scala:146)
[error] 	at scala.util.control.Exception$Catch.apply(Exception.scala:228)
[error] 	at sbt.internal.LibraryManagement$.$anonfun$cachedUpdate$11(LibraryManagement.scala:146)
[error] 	at sbt.internal.LibraryManagement$.$anonfun$cachedUpdate$11$adapted(LibraryManagement.scala:127)
[error] 	at sbt.util.Tracked$.$anonfun$inputChangedW$1(Tracked.scala:219)
[error] 	at sbt.internal.LibraryManagement$.cachedUpdate(LibraryManagement.scala:160)
[error] 	at sbt.Classpaths$.$anonfun$updateTask0$1(Defaults.scala:3687)
[error] 	at scala.Function1.$anonfun$compose$1(Function1.scala:49)
[error] 	at sbt.internal.util.$tilde$greater.$anonfun$$u2219$1(TypeFunctions.scala:62)
[error] 	at sbt.std.Transform$$anon$4.work(Transform.scala:68)
[error] 	at sbt.Execute.$anonfun$submit$2(Execute.scala:282)
[error] 	at sbt.internal.util.ErrorHandling$.wideConvert(ErrorHandling.scala:23)
[error] 	at sbt.Execute.work(Execute.scala:291)
[error] 	at sbt.Execute.$anonfun$submit$1(Execute.scala:282)
[error] 	at sbt.ConcurrentRestrictions$$anon$4.$anonfun$submitValid$1(ConcurrentRestrictions.scala:265)
[error] 	at sbt.CompletionService$$anon$2.call(CompletionService.scala:64)
[error] 	at java.util.concurrent.FutureTask.run(FutureTask.java:266)
[error] 	at java.util.concurrent.Executors$RunnableAdapter.call(Executors.java:511)
[error] 	at java.util.concurrent.FutureTask.run(FutureTask.java:266)
[error] 	at java.util.concurrent.ThreadPoolExecutor.runWorker(ThreadPoolExecutor.java:1149)
[error] 	at java.util.concurrent.ThreadPoolExecutor$Worker.run(ThreadPoolExecutor.java:624)
[error] 	at java.lang.Thread.run(Thread.java:750)
[error] (update) sbt.librarymanagement.ResolveException: Error downloading org.apache.spark:spark-sql_3:2.4.7
[error]   Not found
[error]   Not found
[error]   not found: C:\Users\pc\.ivy2\localorg.apache.spark\spark-sql_3\2.4.7\ivys\ivy.xml
[error]   not found: https://repo1.maven.org/maven2/org/apache/spark/spark-sql_3/2.4.7/spark-sql_3-2.4.7.pom
[error] Error downloading org.apache.spark:spark-core_3:2.4.7
[error]   Not found
[error]   Not found
[error]   not found: C:\Users\pc\.ivy2\localorg.apache.spark\spark-core_3\2.4.7\ivys\ivy.xml
[error]   not found: https://repo1.maven.org/maven2/org/apache/spark/spark-core_3/2.4.7/spark-core_3-2.4.7.pom
[error] (ssExtractDependencies) sbt.librarymanagement.ResolveException: Error downloading org.apache.spark:spark-sql_3:2.4.7
[error]   Not found
[error]   Not found
[error]   not found: C:\Users\pc\.ivy2\localorg.apache.spark\spark-sql_3\2.4.7\ivys\ivy.xml
[error]   not found: https://repo1.maven.org/maven2/org/apache/spark/spark-sql_3/2.4.7/spark-sql_3-2.4.7.pom
[error] Error downloading org.apache.spark:spark-core_3:2.4.7
[error]   Not found
[error]   Not found
[error]   not found: C:\Users\pc\.ivy2\localorg.apache.spark\spark-core_3\2.4.7\ivys\ivy.xml
[error]   not found: https://repo1.maven.org/maven2/org/apache/spark/spark-core_3/2.4.7/spark-core_3-2.4.7.pom
[error] Total time: 1 s, completed 1 janv. 2023 13:59:45
[debug] > Exec(idea-shell, None, None)
[debug] > Exec(, None, None)
[debug] > Exec(idea-shell, None, None)
